[debug] [2022-09-03T12:45:45.181Z] ----------------------------------------------------------------------
[debug] [2022-09-03T12:45:45.182Z] Command:       C:\Program Files\nodejs\node.exe C:\Users\s2001088\AppData\Roaming\npm\node_modules\firebase-tools\lib\bin\firebase.js init
[debug] [2022-09-03T12:45:45.183Z] CLI Version:   11.8.0
[debug] [2022-09-03T12:45:45.183Z] Platform:      win32
[debug] [2022-09-03T12:45:45.183Z] Node Version:  v16.6.2
[debug] [2022-09-03T12:45:45.184Z] Time:          Sat Sep 03 2022 15:45:45 GMT+0300 (Itä-Euroopan kesäaika)
[debug] [2022-09-03T12:45:45.184Z] ----------------------------------------------------------------------
[debug] 
[debug] [2022-09-03T12:45:45.246Z] > command requires scopes: ["email","openid","https://www.googleapis.com/auth/cloudplatformprojects.readonly","https://www.googleapis.com/auth/firebase","https://www.googleapis.com/auth/cloud-platform"]
[debug] [2022-09-03T12:45:45.246Z] > authorizing via signed-in user (warsame.abdiwakil@gmail.com)
[info] 
     ######## #### ########  ######## ########     ###     ######  ########
     ##        ##  ##     ## ##       ##     ##  ##   ##  ##       ##
     ######    ##  ########  ######   ########  #########  ######  ######
     ##        ##  ##    ##  ##       ##     ## ##     ##       ## ##
     ##       #### ##     ## ######## ########  ##     ##  ######  ########

You're about to initialize a Firebase project in this directory:

  C:\Tiedostot\react-ja-redux-projekti\osa4

Before we get started, keep in mind:

  * You are currently outside your home directory
  * You are initializing within an existing Firebase project directory

[info] 
=== Project Setup
[info] 
[info] First, let's associate this project directory with a Firebase project.
[info] You can create multiple project aliases by running firebase use --add, 
[info] but for now we'll just set up a default project.
[info] 
[debug] [2022-09-03T12:46:06.956Z] Using project from CLI flag: react-redux-tehtavat
[debug] [2022-09-03T12:46:06.959Z] >>> [apiv2][query] GET https://firebase.googleapis.com/v1beta1/projects/react-redux-tehtavat [none]
[debug] [2022-09-03T12:46:07.245Z] <<< [apiv2][status] GET https://firebase.googleapis.com/v1beta1/projects/react-redux-tehtavat 200
[debug] [2022-09-03T12:46:07.245Z] <<< [apiv2][body] GET https://firebase.googleapis.com/v1beta1/projects/react-redux-tehtavat {"projectId":"react-redux-tehtavat","projectNumber":"1010233309357","displayName":"react-redux-tehtavat","name":"projects/react-redux-tehtavat","resources":{"hostingSite":"react-redux-tehtavat"},"state":"ACTIVE","etag":"1_37de48b1-1dac-4761-8a83-531af039427d"}
[info] i  Using project react-redux-tehtavat (react-redux-tehtavat) 
[info] 
=== Hosting Setup
[info] 
[info] Your public directory is the folder (relative to your project directory) that
[info] will contain Hosting assets to be uploaded with firebase deploy. If you
[info] have a build process for your assets, use your build's output directory.
[info] 
[debug] [2022-09-03T12:46:31.360Z] >>> [apiv2][query] GET https://www.gstatic.com/firebasejs/releases.json [none]
[debug] [2022-09-03T12:46:31.427Z] <<< [apiv2][status] GET https://www.gstatic.com/firebasejs/releases.json 200
[debug] [2022-09-03T12:46:31.428Z] <<< [apiv2][body] GET https://www.gstatic.com/firebasejs/releases.json {"current":{"version":"9.9.4","browserURL":"https://www.gstatic.com/firebasejs/9.9.4/firebase.js","packageURL":"https://www.gstatic.com/firebasejs/9.9.4/firebase.tgz"},"live":{"version":"9.9","browserURL":"https://www.gstatic.com/firebasejs/live/9.9/firebase.js","packageURL":"https://www.gstatic.com/firebasejs/live/9.9/firebase.tgz"},"components":{"analytics":"https://www.gstatic.com/firebasejs/9.9.4/firebase-analytics.js","app":"https://www.gstatic.com/firebasejs/9.9.4/firebase-app.js","app-check":"https://www.gstatic.com/firebasejs/9.9.4/firebase-app-check.js","auth":"https://www.gstatic.com/firebasejs/9.9.4/firebase-auth.js","auth/cordova":"https://www.gstatic.com/firebasejs/9.9.4/firebase-auth/cordova.js","auth/react-native":"https://www.gstatic.com/firebasejs/9.9.4/firebase-auth/react-native.js","functions":"https://www.gstatic.com/firebasejs/9.9.4/firebase-functions.js","firestore":"https://www.gstatic.com/firebasejs/9.9.4/firebase-firestore.js","firestore/lite":"https://www.gstatic.com/firebasejs/9.9.4/firebase-firestore/lite.js","installations":"https://www.gstatic.com/firebasejs/9.9.4/firebase-installations.js","storage":"https://www.gstatic.com/firebasejs/9.9.4/firebase-storage.js","performance":"https://www.gstatic.com/firebasejs/9.9.4/firebase-performance.js","remote-config":"https://www.gstatic.com/firebasejs/9.9.4/firebase-remote-config.js","messaging":"https://www.gstatic.com/firebasejs/9.9.4/firebase-messaging.js","messaging/sw":"https://www.gstatic.com/firebasejs/9.9.4/firebase-messaging/sw.js","database":"https://www.gstatic.com/firebasejs/9.9.4/firebase-database.js","firestore.memory":"https://www.gstatic.com/firebasejs/9.9.4/firebase-firestore.memory.js"}}
[info] i  Skipping write of build/index.html 
[info] 
[info] i  Detected a .git folder at C:\Tiedostot\react-ja-redux-projekti 
[info] i  Authorizing with GitHub to upload your service account to a GitHub repository's secrets store. 
[info] 
[info] Visit this URL on this device to log in:
[info] https://github.com/login/oauth/authorize?client_id=89cf50f02ac6aaed3484&state=297339245&redirect_uri=http%3A%2F%2Flocalhost%3A9005&scope=read%3Auser%20repo%20public_repo
[info] 
[info] Waiting for authentication...
[debug] [2022-09-03T12:47:57.311Z] >>> [apiv2][query] POST https://github.com/login/oauth/access_token [none]
[debug] [2022-09-03T12:47:57.311Z] >>> [apiv2][body] POST https://github.com/login/oauth/access_token [stream]
[debug] [2022-09-03T12:47:58.352Z] <<< [apiv2][status] POST https://github.com/login/oauth/access_token 200
[debug] [2022-09-03T12:47:58.352Z] <<< [apiv2][body] POST https://github.com/login/oauth/access_token {"access_token":"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","token_type":"bearer","scope":"read:user,repo"}
[debug] [2022-09-03T12:47:58.368Z] >>> [apiv2][query] GET https://api.github.com/user [none]
[debug] [2022-09-03T12:47:59.780Z] <<< [apiv2][status] GET https://api.github.com/user 200
[debug] [2022-09-03T12:47:59.780Z] <<< [apiv2][body] GET https://api.github.com/user {"login":"Abdiwakil","id":99733587,"node_id":"U_kgDOBfHQUw","avatar_url":"https://avatars.githubusercontent.com/u/99733587?v=4","gravatar_id":"","url":"https://api.github.com/users/Abdiwakil","html_url":"https://github.com/Abdiwakil","followers_url":"https://api.github.com/users/Abdiwakil/followers","following_url":"https://api.github.com/users/Abdiwakil/following{/other_user}","gists_url":"https://api.github.com/users/Abdiwakil/gists{/gist_id}","starred_url":"https://api.github.com/users/Abdiwakil/starred{/owner}{/repo}","subscriptions_url":"https://api.github.com/users/Abdiwakil/subscriptions","organizations_url":"https://api.github.com/users/Abdiwakil/orgs","repos_url":"https://api.github.com/users/Abdiwakil/repos","events_url":"https://api.github.com/users/Abdiwakil/events{/privacy}","received_events_url":"https://api.github.com/users/Abdiwakil/received_events","type":"User","site_admin":false,"name":null,"company":null,"blog":"","location":null,"email":null,"hireable":null,"bio":null,"twitter_username":null,"public_repos":1,"public_gists":0,"followers":0,"following":0,"created_at":"2022-02-15T12:24:02Z","updated_at":"2022-09-03T12:47:46Z","private_gists":0,"total_private_repos":1,"owned_private_repos":1,"disk_usage":61955,"collaborators":0,"two_factor_authentication":false,"plan":{"name":"free","space":976562499,"collaborators":0,"private_repos":10000}}
[info] 
[info] +  Success! Logged into GitHub as Abdiwakil 
[info] 
[debug] [2022-09-03T12:48:30.250Z] Error: kill ENOSYS
    at process.kill (node:internal/process/per_thread:215:13)
    at process.listener (C:\Users\s2001088\AppData\Roaming\npm\node_modules\firebase-tools\node_modules\signal-exit\index.js:95:15)
    at process.emit (node:events:394:28)
[error] 
[error] Error: An unexpected error has occurred.
